Using pre-set license

 COMMAND LINE ARGUMENTS:
/Applications/Unity/Hub/Editor/2020.3.8f1/Unity.app/Contents/MacOS/Unity
-adb2
-batchMode
-noUpm
-name
AssetImportWorker0
-projectPath
/Users/tobylam/MyFirstGame
-logFile
Logs/AssetImportWorker0.log
-srvPort
51746
Successfully changed project path to: /Users/tobylam/MyFirstGame
/Users/tobylam/MyFirstGame
Using Asset Import Pipeline V2.
Refreshing native plugins compatible for Editor in 20.02 ms, found 1 plugins.
Preloading 0 native plugins for Editor in 0.00 ms.
Initialize engine version: 2020.3.8f1 (507919d4fff5)
[Subsystems] Discovering subsystems at path /Applications/Unity/Hub/Editor/2020.3.8f1/Unity.app/Contents/Resources/UnitySubsystems
[Subsystems] Discovering subsystems at path /Users/tobylam/MyFirstGame/Assets
GfxDevice: creating device client; threaded=0
2021-05-19 18:30:47.999 Unity[1718:54822] (null) preferred device: Apple M1 (high power)
2021-05-19 18:30:47.999 Unity[1718:54822] Metal devices available: 1
2021-05-19 18:30:47.999 Unity[1718:54822] 0: Apple M1 (high power)
2021-05-19 18:30:48.000 Unity[1718:54822] Using device Apple M1 (high power)
Initializing Metal device caps: Apple M1
Initialize mono
Mono path[0] = '/Applications/Unity/Hub/Editor/2020.3.8f1/Unity.app/Contents/Managed'
Mono path[1] = '/Applications/Unity/Hub/Editor/2020.3.8f1/Unity.app/Contents/MonoBleedingEdge/lib/mono/unityjit'
Mono config path = '/Applications/Unity/Hub/Editor/2020.3.8f1/Unity.app/Contents/MonoBleedingEdge/etc'
Using monoOptions --debugger-agent=transport=dt_socket,embedding=1,server=y,suspend=n,address=127.0.0.1:56718
Begin MonoManager ReloadAssembly
Registering precompiled unity dll's ...
Register platform support module: /Applications/Unity/Hub/Editor/2020.3.8f1/PlaybackEngines/WebGLSupport/UnityEditor.WebGL.Extensions.dll
Register platform support module: /Applications/Unity/Hub/Editor/2020.3.8f1/Unity.app/Contents/PlaybackEngines/MacStandaloneSupport/UnityEditor.OSXStandalone.Extensions.dll
Registered in 0.002381 seconds.
Native extension for OSXStandalone target not found
Native extension for WebGL target not found
Refreshing native plugins compatible for Editor in 23.40 ms, found 1 plugins.
Preloading 0 native plugins for Editor in 0.00 ms.
Mono: successfully reloaded assembly
- Completed reload, in  2.038 seconds
Platform modules already initialized, skipping
Registering precompiled user dll's ...
Registered in 0.000715 seconds.
Begin MonoManager ReloadAssembly
Native extension for OSXStandalone target not found
Native extension for WebGL target not found
Refreshing native plugins compatible for Editor in 0.28 ms, found 1 plugins.
Preloading 0 native plugins for Editor in 0.00 ms.
Mono: successfully reloaded assembly
- Completed reload, in  1.931 seconds
Platform modules already initialized, skipping
========================================================================
Worker process is ready to serve import requests
Launching external process: /Applications/Unity/Hub/Editor/2020.3.8f1/Unity.app/Contents/Tools/UnityShaderCompiler
Launched and connected shader compiler UnityShaderCompiler after 0.04 seconds
Refreshing native plugins compatible for Editor in 0.19 ms, found 1 plugins.
Preloading 0 native plugins for Editor in 0.00 ms.
Unloading 1117 Unused Serialized files (Serialized files now loaded: 0)
System memory in use before: 108.5 MB.
System memory in use after: 108.6 MB.

Unloading 9 unused Assets to reduce memory usage. Loaded Objects now: 1560.
Total: 1.319625 ms (FindLiveObjects: 0.111875 ms CreateObjectMapping: 0.025292 ms MarkObjects: 1.113667 ms  DeleteObjects: 0.066709 ms)

========================================================================
Received Import Request.
  path: Assets/SimpleMovement.cs
  artifactKey: Guid(10df35176886749c7b3aaf5bae286943) Importer(815301076,1909f56bfc062723c751e8b465ee728b)
Start importing Assets/SimpleMovement.cs using Guid(10df35176886749c7b3aaf5bae286943) Importer(815301076,1909f56bfc062723c751e8b465ee728b)  -> (artifact id: 'b46e623237aba078c2edba53f6895e76') in 0.285421 seconds
  Import took 0.286957 seconds .

========================================================================
Received Prepare
Registering precompiled user dll's ...
Registered in 0.000296 seconds.
Begin MonoManager ReloadAssembly
Native extension for OSXStandalone target not found
Native extension for WebGL target not found
Refreshing native plugins compatible for Editor in 0.18 ms, found 1 plugins.
Preloading 0 native plugins for Editor in 0.00 ms.
Mono: successfully reloaded assembly
- Completed reload, in  1.812 seconds
Platform modules already initialized, skipping
Refreshing native plugins compatible for Editor in 0.17 ms, found 1 plugins.
Preloading 0 native plugins for Editor in 0.00 ms.
Unloading 1111 Unused Serialized files (Serialized files now loaded: 0)
System memory in use before: 112.8 MB.
System memory in use after: 113.0 MB.

Unloading 4 unused Assets to reduce memory usage. Loaded Objects now: 1563.
Total: 1.119417 ms (FindLiveObjects: 0.124084 ms CreateObjectMapping: 0.022625 ms MarkObjects: 0.945250 ms  DeleteObjects: 0.026542 ms)

========================================================================
Received Prepare
Registering precompiled user dll's ...
Registered in 0.000710 seconds.
Begin MonoManager ReloadAssembly
Native extension for OSXStandalone target not found
Native extension for WebGL target not found
Refreshing native plugins compatible for Editor in 0.19 ms, found 1 plugins.
Preloading 0 native plugins for Editor in 0.00 ms.
Mono: successfully reloaded assembly
- Completed reload, in  1.722 seconds
Platform modules already initialized, skipping
Refreshing native plugins compatible for Editor in 0.21 ms, found 1 plugins.
Preloading 0 native plugins for Editor in 0.00 ms.
Unloading 1111 Unused Serialized files (Serialized files now loaded: 0)
System memory in use before: 113.0 MB.
System memory in use after: 113.1 MB.

Unloading 4 unused Assets to reduce memory usage. Loaded Objects now: 1566.
Total: 1.032792 ms (FindLiveObjects: 0.088458 ms CreateObjectMapping: 0.021834 ms MarkObjects: 0.899500 ms  DeleteObjects: 0.022125 ms)

========================================================================
Received Import Request.
  Time since last request: 1737.153602 seconds.
  path: Assets/SimpleMovement.cs
  artifactKey: Guid(10df35176886749c7b3aaf5bae286943) Importer(815301076,1909f56bfc062723c751e8b465ee728b)
Start importing Assets/SimpleMovement.cs using Guid(10df35176886749c7b3aaf5bae286943) Importer(815301076,1909f56bfc062723c751e8b465ee728b)  -> (artifact id: '988983925f8098a372cf61206f4fe6ee') in 0.022325 seconds
  Import took 0.032605 seconds .

========================================================================
Received Import Request.
  Time since last request: 37.019880 seconds.
  path: Assets/PlayerBehaviour.cs
  artifactKey: Guid(d80a6d7c515774e38bbbe1d46132a4c6) Importer(815301076,1909f56bfc062723c751e8b465ee728b)
Start importing Assets/PlayerBehaviour.cs using Guid(d80a6d7c515774e38bbbe1d46132a4c6) Importer(815301076,1909f56bfc062723c751e8b465ee728b)  -> (artifact id: '382be91a77a12ca0594aefc0d4135c74') in 0.002869 seconds
  Import took 0.006938 seconds .

========================================================================
Received Import Request.
  Time since last request: 0.002557 seconds.
  path: Assets/PlayerBehaviour.cs
  artifactKey: Guid(d80a6d7c515774e38bbbe1d46132a4c6) Importer(815301076,1909f56bfc062723c751e8b465ee728b)
Start importing Assets/PlayerBehaviour.cs using Guid(d80a6d7c515774e38bbbe1d46132a4c6) Importer(815301076,1909f56bfc062723c751e8b465ee728b)  -> (artifact id: '382be91a77a12ca0594aefc0d4135c74') in 0.003741 seconds
  Import took 0.007473 seconds .

========================================================================
Received Prepare
Registering precompiled user dll's ...
Registered in 0.000335 seconds.
Begin MonoManager ReloadAssembly
Native extension for OSXStandalone target not found
Native extension for WebGL target not found
Refreshing native plugins compatible for Editor in 0.19 ms, found 1 plugins.
Preloading 0 native plugins for Editor in 0.00 ms.
Mono: successfully reloaded assembly
- Completed reload, in  1.798 seconds
Platform modules already initialized, skipping
Refreshing native plugins compatible for Editor in 0.17 ms, found 1 plugins.
Preloading 0 native plugins for Editor in 0.00 ms.
Unloading 1111 Unused Serialized files (Serialized files now loaded: 0)
System memory in use before: 113.3 MB.
System memory in use after: 113.4 MB.

Unloading 4 unused Assets to reduce memory usage. Loaded Objects now: 1569.
Total: 2.554125 ms (FindLiveObjects: 0.116875 ms CreateObjectMapping: 0.024375 ms MarkObjects: 2.384125 ms  DeleteObjects: 0.026667 ms)

========================================================================
Received Import Request.
  Time since last request: 97.985910 seconds.
  path: Assets/PlayerBehaviour.cs
  artifactKey: Guid(d80a6d7c515774e38bbbe1d46132a4c6) Importer(815301076,1909f56bfc062723c751e8b465ee728b)
Start importing Assets/PlayerBehaviour.cs using Guid(d80a6d7c515774e38bbbe1d46132a4c6) Importer(815301076,1909f56bfc062723c751e8b465ee728b)  -> (artifact id: '23d2b5fd26d526b39d67ca77c4aac550') in 0.013125 seconds
  Import took 0.014411 seconds .

========================================================================
Received Prepare
Registering precompiled user dll's ...
Registered in 0.000837 seconds.
Begin MonoManager ReloadAssembly
Native extension for OSXStandalone target not found
Native extension for WebGL target not found
Refreshing native plugins compatible for Editor in 0.19 ms, found 1 plugins.
Preloading 0 native plugins for Editor in 0.00 ms.
Mono: successfully reloaded assembly
- Completed reload, in  1.754 seconds
Platform modules already initialized, skipping
Refreshing native plugins compatible for Editor in 0.13 ms, found 1 plugins.
Preloading 0 native plugins for Editor in 0.00 ms.
Unloading 1111 Unused Serialized files (Serialized files now loaded: 0)
System memory in use before: 113.5 MB.
System memory in use after: 113.6 MB.

Unloading 4 unused Assets to reduce memory usage. Loaded Objects now: 1572.
Total: 1.049083 ms (FindLiveObjects: 0.094916 ms CreateObjectMapping: 0.022292 ms MarkObjects: 0.914459 ms  DeleteObjects: 0.016666 ms)

========================================================================
Received Prepare
Registering precompiled user dll's ...
Registered in 0.000361 seconds.
Begin MonoManager ReloadAssembly
Native extension for OSXStandalone target not found
Native extension for WebGL target not found
Refreshing native plugins compatible for Editor in 0.18 ms, found 1 plugins.
Preloading 0 native plugins for Editor in 0.00 ms.
Mono: successfully reloaded assembly
- Completed reload, in  1.849 seconds
Platform modules already initialized, skipping
Refreshing native plugins compatible for Editor in 0.16 ms, found 1 plugins.
Preloading 0 native plugins for Editor in 0.00 ms.
Unloading 1111 Unused Serialized files (Serialized files now loaded: 0)
System memory in use before: 113.7 MB.
System memory in use after: 113.8 MB.

Unloading 4 unused Assets to reduce memory usage. Loaded Objects now: 1575.
Total: 1.094958 ms (FindLiveObjects: 0.087959 ms CreateObjectMapping: 0.022834 ms MarkObjects: 0.964084 ms  DeleteObjects: 0.019333 ms)

========================================================================
Received Prepare
Registering precompiled user dll's ...
Registered in 0.000553 seconds.
Begin MonoManager ReloadAssembly
Native extension for OSXStandalone target not found
Native extension for WebGL target not found
Refreshing native plugins compatible for Editor in 0.17 ms, found 1 plugins.
Preloading 0 native plugins for Editor in 0.00 ms.
Mono: successfully reloaded assembly
- Completed reload, in  1.714 seconds
Platform modules already initialized, skipping
Refreshing native plugins compatible for Editor in 0.13 ms, found 1 plugins.
Preloading 0 native plugins for Editor in 0.00 ms.
Unloading 1111 Unused Serialized files (Serialized files now loaded: 0)
System memory in use before: 113.9 MB.
System memory in use after: 114.0 MB.

Unloading 4 unused Assets to reduce memory usage. Loaded Objects now: 1578.
Total: 1.000375 ms (FindLiveObjects: 0.069750 ms CreateObjectMapping: 0.022041 ms MarkObjects: 0.898208 ms  DeleteObjects: 0.009667 ms)

========================================================================
Received Prepare
Registering precompiled user dll's ...
Registered in 0.000289 seconds.
Begin MonoManager ReloadAssembly
Native extension for OSXStandalone target not found
Native extension for WebGL target not found
Refreshing native plugins compatible for Editor in 0.18 ms, found 1 plugins.
Preloading 0 native plugins for Editor in 0.00 ms.
Mono: successfully reloaded assembly
- Completed reload, in  1.756 seconds
Platform modules already initialized, skipping
Refreshing native plugins compatible for Editor in 0.16 ms, found 1 plugins.
Preloading 0 native plugins for Editor in 0.00 ms.
Unloading 1111 Unused Serialized files (Serialized files now loaded: 0)
System memory in use before: 114.1 MB.
System memory in use after: 114.2 MB.

Unloading 4 unused Assets to reduce memory usage. Loaded Objects now: 1581.
Total: 1.093500 ms (FindLiveObjects: 0.094208 ms CreateObjectMapping: 0.023416 ms MarkObjects: 0.954750 ms  DeleteObjects: 0.020250 ms)

========================================================================
Received Prepare
Registering precompiled user dll's ...
Registered in 0.000713 seconds.
Begin MonoManager ReloadAssembly
Native extension for OSXStandalone target not found
Native extension for WebGL target not found
Refreshing native plugins compatible for Editor in 0.18 ms, found 1 plugins.
Preloading 0 native plugins for Editor in 0.00 ms.
Mono: successfully reloaded assembly
- Completed reload, in  1.750 seconds
Platform modules already initialized, skipping
Refreshing native plugins compatible for Editor in 0.12 ms, found 1 plugins.
Preloading 0 native plugins for Editor in 0.00 ms.
Unloading 1111 Unused Serialized files (Serialized files now loaded: 0)
System memory in use before: 114.2 MB.
System memory in use after: 114.3 MB.

Unloading 4 unused Assets to reduce memory usage. Loaded Objects now: 1584.
Total: 0.993000 ms (FindLiveObjects: 0.070542 ms CreateObjectMapping: 0.022208 ms MarkObjects: 0.885875 ms  DeleteObjects: 0.013708 ms)

========================================================================
Received Prepare
Registering precompiled user dll's ...
Registered in 0.000309 seconds.
Begin MonoManager ReloadAssembly
Native extension for OSXStandalone target not found
Native extension for WebGL target not found
Refreshing native plugins compatible for Editor in 0.18 ms, found 1 plugins.
Preloading 0 native plugins for Editor in 0.00 ms.
Mono: successfully reloaded assembly
- Completed reload, in  1.764 seconds
Platform modules already initialized, skipping
Refreshing native plugins compatible for Editor in 0.16 ms, found 1 plugins.
Preloading 0 native plugins for Editor in 0.00 ms.
Unloading 1111 Unused Serialized files (Serialized files now loaded: 0)
System memory in use before: 114.4 MB.
System memory in use after: 114.5 MB.

Unloading 4 unused Assets to reduce memory usage. Loaded Objects now: 1587.
Total: 1.081500 ms (FindLiveObjects: 0.094292 ms CreateObjectMapping: 0.023250 ms MarkObjects: 0.944083 ms  DeleteObjects: 0.019167 ms)

========================================================================
Received Prepare
Registering precompiled user dll's ...
Registered in 0.000246 seconds.
Begin MonoManager ReloadAssembly
Native extension for OSXStandalone target not found
Native extension for WebGL target not found
Refreshing native plugins compatible for Editor in 0.19 ms, found 1 plugins.
Preloading 0 native plugins for Editor in 0.00 ms.
Mono: successfully reloaded assembly
- Completed reload, in  1.712 seconds
Platform modules already initialized, skipping
Refreshing native plugins compatible for Editor in 0.16 ms, found 1 plugins.
Preloading 0 native plugins for Editor in 0.00 ms.
Unloading 1111 Unused Serialized files (Serialized files now loaded: 0)
System memory in use before: 114.7 MB.
System memory in use after: 114.8 MB.

Unloading 4 unused Assets to reduce memory usage. Loaded Objects now: 1590.
Total: 1.072875 ms (FindLiveObjects: 0.080833 ms CreateObjectMapping: 0.023417 ms MarkObjects: 0.956750 ms  DeleteObjects: 0.011042 ms)

========================================================================
Received Prepare
Registering precompiled user dll's ...
Registered in 0.003010 seconds.
Begin MonoManager ReloadAssembly
Native extension for OSXStandalone target not found
Native extension for WebGL target not found
Refreshing native plugins compatible for Editor in 0.18 ms, found 1 plugins.
Preloading 0 native plugins for Editor in 0.00 ms.
Mono: successfully reloaded assembly
- Completed reload, in  1.719 seconds
Platform modules already initialized, skipping
Refreshing native plugins compatible for Editor in 0.13 ms, found 1 plugins.
Preloading 0 native plugins for Editor in 0.00 ms.
Unloading 1111 Unused Serialized files (Serialized files now loaded: 0)
System memory in use before: 114.8 MB.
System memory in use after: 114.9 MB.

Unloading 4 unused Assets to reduce memory usage. Loaded Objects now: 1593.
Total: 1.071417 ms (FindLiveObjects: 0.097750 ms CreateObjectMapping: 0.022000 ms MarkObjects: 0.930833 ms  DeleteObjects: 0.020042 ms)

========================================================================
Received Prepare
Registering precompiled user dll's ...
Registered in 0.000310 seconds.
Begin MonoManager ReloadAssembly
Native extension for OSXStandalone target not found
Native extension for WebGL target not found
Refreshing native plugins compatible for Editor in 0.18 ms, found 1 plugins.
Preloading 0 native plugins for Editor in 0.00 ms.
Mono: successfully reloaded assembly
- Completed reload, in  1.793 seconds
Platform modules already initialized, skipping
Refreshing native plugins compatible for Editor in 0.17 ms, found 1 plugins.
Preloading 0 native plugins for Editor in 0.00 ms.
Unloading 1111 Unused Serialized files (Serialized files now loaded: 0)
System memory in use before: 115.0 MB.
System memory in use after: 115.1 MB.

Unloading 4 unused Assets to reduce memory usage. Loaded Objects now: 1596.
Total: 1.100917 ms (FindLiveObjects: 0.098458 ms CreateObjectMapping: 0.023042 ms MarkObjects: 0.949791 ms  DeleteObjects: 0.028959 ms)

========================================================================
Received Prepare
Registering precompiled user dll's ...
Registered in 0.000307 seconds.
Begin MonoManager ReloadAssembly
Native extension for OSXStandalone target not found
Native extension for WebGL target not found
Refreshing native plugins compatible for Editor in 0.17 ms, found 1 plugins.
Preloading 0 native plugins for Editor in 0.00 ms.
Mono: successfully reloaded assembly
- Completed reload, in  1.721 seconds
Platform modules already initialized, skipping
Refreshing native plugins compatible for Editor in 0.18 ms, found 1 plugins.
Preloading 0 native plugins for Editor in 0.00 ms.
Unloading 1111 Unused Serialized files (Serialized files now loaded: 0)
System memory in use before: 115.2 MB.
System memory in use after: 115.3 MB.

Unloading 4 unused Assets to reduce memory usage. Loaded Objects now: 1599.
Total: 1.142250 ms (FindLiveObjects: 0.122667 ms CreateObjectMapping: 0.023916 ms MarkObjects: 0.974125 ms  DeleteObjects: 0.020709 ms)

========================================================================
Received Prepare
Registering precompiled user dll's ...
Registered in 0.000325 seconds.
Begin MonoManager ReloadAssembly
Native extension for OSXStandalone target not found
Native extension for WebGL target not found
Refreshing native plugins compatible for Editor in 0.25 ms, found 1 plugins.
Preloading 0 native plugins for Editor in 0.00 ms.
Mono: successfully reloaded assembly
- Completed reload, in  1.911 seconds
Platform modules already initialized, skipping
Refreshing native plugins compatible for Editor in 0.16 ms, found 1 plugins.
Preloading 0 native plugins for Editor in 0.00 ms.
Unloading 1111 Unused Serialized files (Serialized files now loaded: 0)
System memory in use before: 115.4 MB.
System memory in use after: 115.5 MB.

Unloading 4 unused Assets to reduce memory usage. Loaded Objects now: 1602.
Total: 1.125875 ms (FindLiveObjects: 0.150125 ms CreateObjectMapping: 0.022250 ms MarkObjects: 0.923375 ms  DeleteObjects: 0.029333 ms)

========================================================================
Received Prepare
Registering precompiled user dll's ...
Registered in 0.000878 seconds.
Begin MonoManager ReloadAssembly
Native extension for OSXStandalone target not found
Native extension for WebGL target not found
Refreshing native plugins compatible for Editor in 0.17 ms, found 1 plugins.
Preloading 0 native plugins for Editor in 0.00 ms.
Mono: successfully reloaded assembly
- Completed reload, in  1.797 seconds
Platform modules already initialized, skipping
Refreshing native plugins compatible for Editor in 0.16 ms, found 1 plugins.
Preloading 0 native plugins for Editor in 0.00 ms.
Unloading 1111 Unused Serialized files (Serialized files now loaded: 0)
System memory in use before: 115.6 MB.
System memory in use after: 115.7 MB.

Unloading 4 unused Assets to reduce memory usage. Loaded Objects now: 1605.
Total: 2.497958 ms (FindLiveObjects: 0.267875 ms CreateObjectMapping: 0.023250 ms MarkObjects: 2.187125 ms  DeleteObjects: 0.018125 ms)

========================================================================
Received Import Request.
  Time since last request: 2713.640364 seconds.
  path: Assets/PlayerBehaviour.cs
  artifactKey: Guid(d80a6d7c515774e38bbbe1d46132a4c6) Importer(815301076,1909f56bfc062723c751e8b465ee728b)
Start importing Assets/PlayerBehaviour.cs using Guid(d80a6d7c515774e38bbbe1d46132a4c6) Importer(815301076,1909f56bfc062723c751e8b465ee728b)  -> (artifact id: '98be20a059ce2a06f1ce9dba20f5f435') in 0.024070 seconds
  Import took 0.035347 seconds .

========================================================================
Received Prepare
Registering precompiled user dll's ...
Registered in 0.000327 seconds.
Begin MonoManager ReloadAssembly
Native extension for OSXStandalone target not found
Native extension for WebGL target not found
Refreshing native plugins compatible for Editor in 0.20 ms, found 1 plugins.
Preloading 0 native plugins for Editor in 0.00 ms.
Mono: successfully reloaded assembly
- Completed reload, in  1.951 seconds
Platform modules already initialized, skipping
Refreshing native plugins compatible for Editor in 0.17 ms, found 1 plugins.
Preloading 0 native plugins for Editor in 0.00 ms.
Unloading 1111 Unused Serialized files (Serialized files now loaded: 0)
System memory in use before: 115.8 MB.
System memory in use after: 115.9 MB.

Unloading 4 unused Assets to reduce memory usage. Loaded Objects now: 1608.
Total: 2.569041 ms (FindLiveObjects: 0.094000 ms CreateObjectMapping: 0.023041 ms MarkObjects: 2.417833 ms  DeleteObjects: 0.033167 ms)

========================================================================
Received Import Request.
  Time since last request: 93.576077 seconds.
  path: Assets/PlayerBehaviour.cs
  artifactKey: Guid(d80a6d7c515774e38bbbe1d46132a4c6) Importer(815301076,1909f56bfc062723c751e8b465ee728b)
Start importing Assets/PlayerBehaviour.cs using Guid(d80a6d7c515774e38bbbe1d46132a4c6) Importer(815301076,1909f56bfc062723c751e8b465ee728b)  -> (artifact id: 'eee9f595997a6ac6623a6532a2592302') in 0.005481 seconds
  Import took 0.006857 seconds .

========================================================================
Received Prepare
Registering precompiled user dll's ...
Registered in 0.000608 seconds.
Begin MonoManager ReloadAssembly
Native extension for OSXStandalone target not found
Native extension for WebGL target not found
Refreshing native plugins compatible for Editor in 0.29 ms, found 1 plugins.
Preloading 0 native plugins for Editor in 0.00 ms.
Mono: successfully reloaded assembly
- Completed reload, in  1.861 seconds
Platform modules already initialized, skipping
Refreshing native plugins compatible for Editor in 0.17 ms, found 1 plugins.
Preloading 0 native plugins for Editor in 0.00 ms.
Unloading 1111 Unused Serialized files (Serialized files now loaded: 0)
System memory in use before: 116.0 MB.
System memory in use after: 116.1 MB.

Unloading 4 unused Assets to reduce memory usage. Loaded Objects now: 1611.
Total: 1.200666 ms (FindLiveObjects: 0.095750 ms CreateObjectMapping: 0.025125 ms MarkObjects: 1.065375 ms  DeleteObjects: 0.013791 ms)

========================================================================
Received Prepare
Registering precompiled user dll's ...
Registered in 0.000312 seconds.
Begin MonoManager ReloadAssembly
Native extension for OSXStandalone target not found
Native extension for WebGL target not found
Refreshing native plugins compatible for Editor in 0.18 ms, found 1 plugins.
Preloading 0 native plugins for Editor in 0.00 ms.
Mono: successfully reloaded assembly
- Completed reload, in  2.027 seconds
Platform modules already initialized, skipping
Refreshing native plugins compatible for Editor in 0.19 ms, found 1 plugins.
Preloading 0 native plugins for Editor in 0.00 ms.
Unloading 1111 Unused Serialized files (Serialized files now loaded: 0)
System memory in use before: 116.1 MB.
System memory in use after: 116.2 MB.

Unloading 4 unused Assets to reduce memory usage. Loaded Objects now: 1614.
Total: 1.199292 ms (FindLiveObjects: 0.146708 ms CreateObjectMapping: 0.024042 ms MarkObjects: 1.003583 ms  DeleteObjects: 0.024042 ms)

========================================================================
Received Prepare
Registering precompiled user dll's ...
Registered in 0.000306 seconds.
Begin MonoManager ReloadAssembly
Native extension for OSXStandalone target not found
Native extension for WebGL target not found
Refreshing native plugins compatible for Editor in 0.18 ms, found 1 plugins.
Preloading 0 native plugins for Editor in 0.00 ms.
Mono: successfully reloaded assembly
- Completed reload, in  1.902 seconds
Platform modules already initialized, skipping
Refreshing native plugins compatible for Editor in 0.17 ms, found 1 plugins.
Preloading 0 native plugins for Editor in 0.00 ms.
Unloading 1111 Unused Serialized files (Serialized files now loaded: 0)
System memory in use before: 116.3 MB.
System memory in use after: 116.4 MB.

Unloading 4 unused Assets to reduce memory usage. Loaded Objects now: 1617.
Total: 1.473542 ms (FindLiveObjects: 0.127625 ms CreateObjectMapping: 0.023292 ms MarkObjects: 1.303542 ms  DeleteObjects: 0.018208 ms)

========================================================================
Received Import Request.
  Time since last request: 539.539350 seconds.
  path: Assets/Bullet.prefab
  artifactKey: Guid(d3d4c2ca84f564b7f934d8391d300634) Importer(815301076,1909f56bfc062723c751e8b465ee728b)
Start importing Assets/Bullet.prefab using Guid(d3d4c2ca84f564b7f934d8391d300634) Importer(815301076,1909f56bfc062723c751e8b465ee728b)  -> (artifact id: '35b6c7214558c46b63f7dc4484bc4c5f') in 1.005294 seconds
  Import took 1.011122 seconds .

========================================================================
Received Prepare
Registering precompiled user dll's ...
Registered in 0.000338 seconds.
Begin MonoManager ReloadAssembly
Native extension for OSXStandalone target not found
Native extension for WebGL target not found
Refreshing native plugins compatible for Editor in 0.17 ms, found 1 plugins.
Preloading 0 native plugins for Editor in 0.00 ms.
Mono: successfully reloaded assembly
- Completed reload, in  1.836 seconds
Platform modules already initialized, skipping
Refreshing native plugins compatible for Editor in 0.17 ms, found 1 plugins.
Preloading 0 native plugins for Editor in 0.00 ms.
Unloading 1111 Unused Serialized files (Serialized files now loaded: 0)
System memory in use before: 124.3 MB.
System memory in use after: 124.4 MB.

Unloading 5 unused Assets to reduce memory usage. Loaded Objects now: 1628.
Total: 1.152625 ms (FindLiveObjects: 0.117292 ms CreateObjectMapping: 0.023625 ms MarkObjects: 0.978500 ms  DeleteObjects: 0.032250 ms)

========================================================================
Received Import Request.
  Time since last request: 249.512542 seconds.
  path: Assets/Scene.unity
  artifactKey: Guid(6a670bb8f98b947fe9f36ecc0395b6df) Importer(815301076,1909f56bfc062723c751e8b465ee728b)
Start importing Assets/Scene.unity using Guid(6a670bb8f98b947fe9f36ecc0395b6df) Importer(815301076,1909f56bfc062723c751e8b465ee728b)  -> (artifact id: 'e6e5e549b7982484d4c5ce7285881f7e') in 0.014606 seconds
  Import took 0.016116 seconds .

========================================================================
Received Import Request.
  Time since last request: 30.387518 seconds.
  path: Assets/New Material.mat
  artifactKey: Guid(c0111f8bdba30498c94266b253bd9294) Importer(815301076,1909f56bfc062723c751e8b465ee728b)
Start importing Assets/New Material.mat using Guid(c0111f8bdba30498c94266b253bd9294) Importer(815301076,1909f56bfc062723c751e8b465ee728b)  -> (artifact id: '53a0f707f6bbaa1d64d641c5ceb3e491') in 0.417893 seconds
  Import took 0.419565 seconds .

========================================================================
Received Import Request.
  Time since last request: 20.217439 seconds.
  path: Assets/Player Blue.mat
  artifactKey: Guid(c0111f8bdba30498c94266b253bd9294) Importer(815301076,1909f56bfc062723c751e8b465ee728b)
Start importing Assets/Player Blue.mat using Guid(c0111f8bdba30498c94266b253bd9294) Importer(815301076,1909f56bfc062723c751e8b465ee728b)  -> (artifact id: '2d08c093e1e3e79808cd494836b0989b') in 0.021736 seconds
  Import took 0.023564 seconds .

========================================================================
Received Import Request.
  Time since last request: 85.013650 seconds.
  path: Assets
  artifactKey: Guid(00000000000000001000000000000000) Importer(815301076,1909f56bfc062723c751e8b465ee728b)
Start importing Assets using Guid(00000000000000001000000000000000) Importer(815301076,1909f56bfc062723c751e8b465ee728b)  -> (artifact id: '42d402b061de3733987d63b9cc3b64de') in 0.003005 seconds
  Import took 0.012923 seconds .

========================================================================
Received Import Request.
  Time since last request: 11.527964 seconds.
  path: Assets/PlayerBehaviour.cs
  artifactKey: Guid(d80a6d7c515774e38bbbe1d46132a4c6) Importer(815301076,1909f56bfc062723c751e8b465ee728b)
Start importing Assets/PlayerBehaviour.cs using Guid(d80a6d7c515774e38bbbe1d46132a4c6) Importer(815301076,1909f56bfc062723c751e8b465ee728b)  -> (artifact id: '538770f8c20674774e4c6a40e4b0c98d') in 0.005223 seconds
  Import took 0.007024 seconds .

========================================================================
Received Import Request.
  Time since last request: 0.007612 seconds.
  path: Assets/PlayerBehaviour.cs
  artifactKey: Guid(d80a6d7c515774e38bbbe1d46132a4c6) Importer(815301076,1909f56bfc062723c751e8b465ee728b)
Start importing Assets/PlayerBehaviour.cs using Guid(d80a6d7c515774e38bbbe1d46132a4c6) Importer(815301076,1909f56bfc062723c751e8b465ee728b)  -> (artifact id: '538770f8c20674774e4c6a40e4b0c98d') in 0.001951 seconds
  Import took 0.003393 seconds .

========================================================================
Received Prepare
Registering precompiled user dll's ...
Registered in 0.000312 seconds.
Begin MonoManager ReloadAssembly
Native extension for OSXStandalone target not found
Native extension for WebGL target not found
Refreshing native plugins compatible for Editor in 0.19 ms, found 1 plugins.
Preloading 0 native plugins for Editor in 0.00 ms.
Mono: successfully reloaded assembly
- Completed reload, in  1.868 seconds
Platform modules already initialized, skipping
Refreshing native plugins compatible for Editor in 0.17 ms, found 1 plugins.
Preloading 0 native plugins for Editor in 0.00 ms.
Unloading 1111 Unused Serialized files (Serialized files now loaded: 0)
System memory in use before: 129.0 MB.
System memory in use after: 129.2 MB.

Unloading 4 unused Assets to reduce memory usage. Loaded Objects now: 1665.
Total: 1.118750 ms (FindLiveObjects: 0.106416 ms CreateObjectMapping: 0.024000 ms MarkObjects: 0.963208 ms  DeleteObjects: 0.024292 ms)

========================================================================
Received Prepare
Registering precompiled user dll's ...
Registered in 0.000806 seconds.
Begin MonoManager ReloadAssembly
Native extension for OSXStandalone target not found
Native extension for WebGL target not found
Refreshing native plugins compatible for Editor in 0.25 ms, found 1 plugins.
Preloading 0 native plugins for Editor in 0.00 ms.
Mono: successfully reloaded assembly
- Completed reload, in  1.783 seconds
Platform modules already initialized, skipping
Refreshing native plugins compatible for Editor in 0.14 ms, found 1 plugins.
Preloading 0 native plugins for Editor in 0.00 ms.
Unloading 1111 Unused Serialized files (Serialized files now loaded: 0)
System memory in use before: 129.2 MB.
System memory in use after: 129.3 MB.

Unloading 4 unused Assets to reduce memory usage. Loaded Objects now: 1668.
Total: 1.095042 ms (FindLiveObjects: 0.117375 ms CreateObjectMapping: 0.022709 ms MarkObjects: 0.934166 ms  DeleteObjects: 0.020084 ms)

========================================================================
Received Prepare
Registering precompiled user dll's ...
Registered in 0.000298 seconds.
Begin MonoManager ReloadAssembly
Native extension for OSXStandalone target not found
Native extension for WebGL target not found
Refreshing native plugins compatible for Editor in 0.18 ms, found 1 plugins.
Preloading 0 native plugins for Editor in 0.00 ms.
Mono: successfully reloaded assembly
- Completed reload, in  1.931 seconds
Platform modules already initialized, skipping
Refreshing native plugins compatible for Editor in 0.17 ms, found 1 plugins.
Preloading 0 native plugins for Editor in 0.00 ms.
Unloading 1111 Unused Serialized files (Serialized files now loaded: 0)
System memory in use before: 129.4 MB.
System memory in use after: 129.5 MB.

Unloading 4 unused Assets to reduce memory usage. Loaded Objects now: 1671.
Total: 1.152250 ms (FindLiveObjects: 0.128000 ms CreateObjectMapping: 0.024375 ms MarkObjects: 0.978250 ms  DeleteObjects: 0.021042 ms)

========================================================================
Received Prepare
Registering precompiled user dll's ...
Registered in 0.000791 seconds.
Begin MonoManager ReloadAssembly
Native extension for OSXStandalone target not found
Native extension for WebGL target not found
Refreshing native plugins compatible for Editor in 0.18 ms, found 1 plugins.
Preloading 0 native plugins for Editor in 0.00 ms.
Mono: successfully reloaded assembly
- Completed reload, in  1.755 seconds
Platform modules already initialized, skipping
Refreshing native plugins compatible for Editor in 0.16 ms, found 1 plugins.
Preloading 0 native plugins for Editor in 0.00 ms.
Unloading 1111 Unused Serialized files (Serialized files now loaded: 0)
System memory in use before: 129.6 MB.
System memory in use after: 129.7 MB.

Unloading 4 unused Assets to reduce memory usage. Loaded Objects now: 1674.
Total: 1.026209 ms (FindLiveObjects: 0.080458 ms CreateObjectMapping: 0.022667 ms MarkObjects: 0.912041 ms  DeleteObjects: 0.010292 ms)

========================================================================
Received Prepare
Registering precompiled user dll's ...
Registered in 0.000290 seconds.
Begin MonoManager ReloadAssembly
Native extension for OSXStandalone target not found
Native extension for WebGL target not found
Refreshing native plugins compatible for Editor in 0.19 ms, found 1 plugins.
Preloading 0 native plugins for Editor in 0.00 ms.
Mono: successfully reloaded assembly
- Completed reload, in  1.834 seconds
Platform modules already initialized, skipping
Refreshing native plugins compatible for Editor in 0.17 ms, found 1 plugins.
Preloading 0 native plugins for Editor in 0.00 ms.
Unloading 1112 Unused Serialized files (Serialized files now loaded: 0)
System memory in use before: 129.8 MB.
System memory in use after: 129.9 MB.

Unloading 4 unused Assets to reduce memory usage. Loaded Objects now: 1678.
Total: 1.165042 ms (FindLiveObjects: 0.142875 ms CreateObjectMapping: 0.024333 ms MarkObjects: 0.967750 ms  DeleteObjects: 0.029166 ms)

========================================================================
Received Import Request.
  Time since last request: 467.256782 seconds.
  path: Assets/Bullet.prefab
  artifactKey: Guid(d3d4c2ca84f564b7f934d8391d300634) Importer(815301076,1909f56bfc062723c751e8b465ee728b)
Start importing Assets/Bullet.prefab using Guid(d3d4c2ca84f564b7f934d8391d300634) Importer(815301076,1909f56bfc062723c751e8b465ee728b)  -> (artifact id: 'e5fe96d42c646452efdac4a55118a577') in 0.194947 seconds
  Import took 0.196436 seconds .

========================================================================
Received Import Request.
  Time since last request: 0.454088 seconds.
  path: Assets/Bullet.prefab
  artifactKey: Guid(d3d4c2ca84f564b7f934d8391d300634) Importer(815301076,1909f56bfc062723c751e8b465ee728b)
Start importing Assets/Bullet.prefab using Guid(d3d4c2ca84f564b7f934d8391d300634) Importer(815301076,1909f56bfc062723c751e8b465ee728b)  -> (artifact id: 'e5fe96d42c646452efdac4a55118a577') in 0.013499 seconds
  Import took 0.014994 seconds .

========================================================================
Received Import Request.
  Time since last request: 0.397096 seconds.
  path: Assets/BulletBehaviour.cs
  artifactKey: Guid(00b80d9c50622440a94c552df8697850) Importer(815301076,1909f56bfc062723c751e8b465ee728b)
Start importing Assets/BulletBehaviour.cs using Guid(00b80d9c50622440a94c552df8697850) Importer(815301076,1909f56bfc062723c751e8b465ee728b)  -> (artifact id: '33ecbbd94146377a6e2accd44f3db9a6') in 0.002926 seconds
  Import took 0.004356 seconds .

========================================================================
Received Import Request.
  Time since last request: 0.011832 seconds.
  path: Assets/BulletBehaviour.cs
  artifactKey: Guid(00b80d9c50622440a94c552df8697850) Importer(815301076,1909f56bfc062723c751e8b465ee728b)
Start importing Assets/BulletBehaviour.cs using Guid(00b80d9c50622440a94c552df8697850) Importer(815301076,1909f56bfc062723c751e8b465ee728b)  -> (artifact id: '33ecbbd94146377a6e2accd44f3db9a6') in 0.001776 seconds
  Import took 0.003204 seconds .

========================================================================
Received Prepare
Registering precompiled user dll's ...
Registered in 0.000325 seconds.
Begin MonoManager ReloadAssembly
Native extension for OSXStandalone target not found
Native extension for WebGL target not found
Refreshing native plugins compatible for Editor in 0.18 ms, found 1 plugins.
Preloading 0 native plugins for Editor in 0.00 ms.
Mono: successfully reloaded assembly
- Completed reload, in  1.809 seconds
Platform modules already initialized, skipping
Refreshing native plugins compatible for Editor in 0.17 ms, found 1 plugins.
Preloading 0 native plugins for Editor in 0.00 ms.
Unloading 1112 Unused Serialized files (Serialized files now loaded: 0)
System memory in use before: 130.0 MB.
System memory in use after: 130.1 MB.

Unloading 5 unused Assets to reduce memory usage. Loaded Objects now: 1682.
Total: 1.204000 ms (FindLiveObjects: 0.115417 ms CreateObjectMapping: 0.024208 ms MarkObjects: 1.034583 ms  DeleteObjects: 0.029125 ms)

========================================================================
Received Import Request.
  Time since last request: 31.110876 seconds.
  path: Assets/BulletBehaviour.cs
  artifactKey: Guid(00b80d9c50622440a94c552df8697850) Importer(815301076,1909f56bfc062723c751e8b465ee728b)
Start importing Assets/BulletBehaviour.cs using Guid(00b80d9c50622440a94c552df8697850) Importer(815301076,1909f56bfc062723c751e8b465ee728b)  -> (artifact id: '533e21c7f6aedebe3a743e97b68fc698') in 0.005907 seconds
  Import took 0.007273 seconds .

========================================================================
Received Import Request.
  Time since last request: 0.000273 seconds.
  path: Assets/Bullet.prefab
  artifactKey: Guid(d3d4c2ca84f564b7f934d8391d300634) Importer(815301076,1909f56bfc062723c751e8b465ee728b)
Start importing Assets/Bullet.prefab using Guid(d3d4c2ca84f564b7f934d8391d300634) Importer(815301076,1909f56bfc062723c751e8b465ee728b)  -> (artifact id: 'be431c34f25d37577131d2d3909e1482') in 0.164352 seconds
  Import took 0.165691 seconds .

========================================================================
Received Import Request.
  Time since last request: 13.357954 seconds.
  path: Assets/Bullet.prefab
  artifactKey: Guid(d3d4c2ca84f564b7f934d8391d300634) Importer(815301076,1909f56bfc062723c751e8b465ee728b)
Start importing Assets/Bullet.prefab using Guid(d3d4c2ca84f564b7f934d8391d300634) Importer(815301076,1909f56bfc062723c751e8b465ee728b)  -> (artifact id: '97b066c186200d7a8cf2a54c72fc898b') in 0.014171 seconds
  Import took 0.015697 seconds .

